[debug] [2025-03-28T20:00:40.240Z] ----------------------------------------------------------------------
[debug] [2025-03-28T20:00:40.243Z] Command:       C:\Program Files\nodejs\node.exe C:\Users\SERVICIO TECNICO\AppData\Roaming\npm\node_modules\firebase-tools\lib\bin\firebase.js init
[debug] [2025-03-28T20:00:40.243Z] CLI Version:   14.0.1
[debug] [2025-03-28T20:00:40.243Z] Platform:      win32
[debug] [2025-03-28T20:00:40.243Z] Node Version:  v22.14.0
[debug] [2025-03-28T20:00:40.243Z] Time:          Fri Mar 28 2025 15:00:40 GMT-0500 (hora estándar de Colombia)
[debug] [2025-03-28T20:00:40.243Z] ----------------------------------------------------------------------
[debug] 
[debug] [2025-03-28T20:00:40.402Z] Object "" in "firebase.json" has unknown property: {"additionalProperty":"flutter"}
[debug] [2025-03-28T20:00:40.405Z] > command requires scopes: ["email","openid","https://www.googleapis.com/auth/cloudplatformprojects.readonly","https://www.googleapis.com/auth/firebase","https://www.googleapis.com/auth/cloud-platform"]
[debug] [2025-03-28T20:00:40.405Z] > authorizing via signed-in user (sistemas.nuspec2024@gmail.com)
[debug] [2025-03-28T20:00:40.406Z] Object "" in "firebase.json" has unknown property: {"additionalProperty":"flutter"}
[info] 
     ######## #### ########  ######## ########     ###     ######  ########
     ##        ##  ##     ## ##       ##     ##  ##   ##  ##       ##
     ######    ##  ########  ######   ########  #########  ######  ######
     ##        ##  ##    ##  ##       ##     ## ##     ##       ## ##
     ##       #### ##     ## ######## ########  ##     ##  ######  ########

You're about to initialize a Firebase project in this directory:

  C:\Users\SERVICIO TECNICO\AndroidStudioProjects\facturacion_app_2

Before we get started, keep in mind:

  * You are initializing within an existing Firebase project directory

[info] 
=== Project Setup
[info] 
[info] First, let's associate this project directory with a Firebase project.
[info] You can create multiple project aliases by running firebase use --add, 
[info] but for now we'll just set up a default project.
[info] 
[debug] [2025-03-28T20:00:47.788Z] Using project from CLI flag: facturacionapp-b85c9
[debug] [2025-03-28T20:00:47.789Z] Checked if tokens are valid: true, expires at: 1743195443061
[debug] [2025-03-28T20:00:47.789Z] Checked if tokens are valid: true, expires at: 1743195443061
[debug] [2025-03-28T20:00:47.790Z] >>> [apiv2][query] GET https://firebase.googleapis.com/v1beta1/projects/facturacionapp-b85c9 [none]
[debug] [2025-03-28T20:00:48.274Z] <<< [apiv2][status] GET https://firebase.googleapis.com/v1beta1/projects/facturacionapp-b85c9 200
[debug] [2025-03-28T20:00:48.275Z] <<< [apiv2][body] GET https://firebase.googleapis.com/v1beta1/projects/facturacionapp-b85c9 {"projectId":"facturacionapp-b85c9","projectNumber":"1076885236991","displayName":"FacturacionApp","name":"projects/facturacionapp-b85c9","resources":{"hostingSite":"facturacionapp-b85c9"},"state":"ACTIVE","etag":"1_88b49c79-77fd-4b4b-97ca-5f03e52bb835"}
[info] i  Using project facturacionapp-b85c9 (FacturacionApp) 
[info] 
=== Dataconnect Setup
[debug] [2025-03-28T20:00:48.287Z] Checked if tokens are valid: true, expires at: 1743195443061
[debug] [2025-03-28T20:00:48.287Z] Checked if tokens are valid: true, expires at: 1743195443061
[debug] [2025-03-28T20:00:48.287Z] >>> [apiv2][query] GET https://cloudbilling.googleapis.com/v1/projects/facturacionapp-b85c9/billingInfo [none]
[debug] [2025-03-28T20:00:48.563Z] <<< [apiv2][status] GET https://cloudbilling.googleapis.com/v1/projects/facturacionapp-b85c9/billingInfo 200
[debug] [2025-03-28T20:00:48.563Z] <<< [apiv2][body] GET https://cloudbilling.googleapis.com/v1/projects/facturacionapp-b85c9/billingInfo {"name":"projects/facturacionapp-b85c9/billingInfo","projectId":"facturacionapp-b85c9","billingAccountName":"billingAccounts/011B04-74E840-D6BE6D","billingEnabled":true}
[info] i  dataconnect: ensuring required API firebasedataconnect.googleapis.com is enabled... 
[debug] [2025-03-28T20:00:48.564Z] Checked if tokens are valid: true, expires at: 1743195443061
[debug] [2025-03-28T20:00:48.564Z] Checked if tokens are valid: true, expires at: 1743195443061
[debug] [2025-03-28T20:00:48.564Z] >>> [apiv2][query] GET https://serviceusage.googleapis.com/v1/projects/facturacionapp-b85c9/services/firebasedataconnect.googleapis.com [none]
[debug] [2025-03-28T20:00:48.564Z] >>> [apiv2][(partial)header] GET https://serviceusage.googleapis.com/v1/projects/facturacionapp-b85c9/services/firebasedataconnect.googleapis.com x-goog-quota-user=projects/facturacionapp-b85c9
[debug] [2025-03-28T20:00:49.281Z] <<< [apiv2][status] GET https://serviceusage.googleapis.com/v1/projects/facturacionapp-b85c9/services/firebasedataconnect.googleapis.com 200
[debug] [2025-03-28T20:00:49.281Z] <<< [apiv2][body] GET https://serviceusage.googleapis.com/v1/projects/facturacionapp-b85c9/services/firebasedataconnect.googleapis.com [omitted]
[info] +  dataconnect: required API firebasedataconnect.googleapis.com is enabled 
[info] i  dataconnect: ensuring required API sqladmin.googleapis.com is enabled... 
[debug] [2025-03-28T20:00:49.282Z] Checked if tokens are valid: true, expires at: 1743195443061
[debug] [2025-03-28T20:00:49.282Z] Checked if tokens are valid: true, expires at: 1743195443061
[debug] [2025-03-28T20:00:49.282Z] >>> [apiv2][query] GET https://serviceusage.googleapis.com/v1/projects/facturacionapp-b85c9/services/sqladmin.googleapis.com [none]
[debug] [2025-03-28T20:00:49.282Z] >>> [apiv2][(partial)header] GET https://serviceusage.googleapis.com/v1/projects/facturacionapp-b85c9/services/sqladmin.googleapis.com x-goog-quota-user=projects/facturacionapp-b85c9
[debug] [2025-03-28T20:00:49.581Z] <<< [apiv2][status] GET https://serviceusage.googleapis.com/v1/projects/facturacionapp-b85c9/services/sqladmin.googleapis.com 200
[debug] [2025-03-28T20:00:49.581Z] <<< [apiv2][body] GET https://serviceusage.googleapis.com/v1/projects/facturacionapp-b85c9/services/sqladmin.googleapis.com [omitted]
[info] +  dataconnect: required API sqladmin.googleapis.com is enabled 
[info] i  dataconnect: ensuring required API compute.googleapis.com is enabled... 
[debug] [2025-03-28T20:00:49.582Z] Checked if tokens are valid: true, expires at: 1743195443061
[debug] [2025-03-28T20:00:49.582Z] Checked if tokens are valid: true, expires at: 1743195443061
[debug] [2025-03-28T20:00:49.582Z] >>> [apiv2][query] GET https://serviceusage.googleapis.com/v1/projects/facturacionapp-b85c9/services/compute.googleapis.com [none]
[debug] [2025-03-28T20:00:49.582Z] >>> [apiv2][(partial)header] GET https://serviceusage.googleapis.com/v1/projects/facturacionapp-b85c9/services/compute.googleapis.com x-goog-quota-user=projects/facturacionapp-b85c9
[debug] [2025-03-28T20:00:50.460Z] <<< [apiv2][status] GET https://serviceusage.googleapis.com/v1/projects/facturacionapp-b85c9/services/compute.googleapis.com 200
[debug] [2025-03-28T20:00:50.460Z] <<< [apiv2][body] GET https://serviceusage.googleapis.com/v1/projects/facturacionapp-b85c9/services/compute.googleapis.com [omitted]
[info] +  dataconnect: required API compute.googleapis.com is enabled 
[debug] [2025-03-28T20:00:50.461Z] Checked if tokens are valid: true, expires at: 1743195443061
[debug] [2025-03-28T20:00:50.461Z] Checked if tokens are valid: true, expires at: 1743195443061
[debug] [2025-03-28T20:00:50.461Z] >>> [apiv2][query] GET https://firebasedataconnect.googleapis.com/v1/projects/facturacionapp-b85c9/locations/-/services [none]
[debug] [2025-03-28T20:00:51.311Z] <<< [apiv2][status] GET https://firebasedataconnect.googleapis.com/v1/projects/facturacionapp-b85c9/locations/-/services 200
[debug] [2025-03-28T20:00:51.312Z] <<< [apiv2][body] GET https://firebasedataconnect.googleapis.com/v1/projects/facturacionapp-b85c9/locations/-/services {}
[debug] [2025-03-28T20:01:09.127Z] Checked if tokens are valid: true, expires at: 1743195443061
[debug] [2025-03-28T20:01:09.127Z] Checked if tokens are valid: true, expires at: 1743195443061
[debug] [2025-03-28T20:01:09.127Z] >>> [apiv2][query] GET https://sqladmin.googleapis.com/v1/projects/facturacionapp-b85c9/instances [none]
[debug] [2025-03-28T20:01:09.796Z] <<< [apiv2][status] GET https://sqladmin.googleapis.com/v1/projects/facturacionapp-b85c9/instances 200
[debug] [2025-03-28T20:01:09.796Z] <<< [apiv2][body] GET https://sqladmin.googleapis.com/v1/projects/facturacionapp-b85c9/instances {}
[debug] [2025-03-28T20:01:11.110Z] Checked if tokens are valid: true, expires at: 1743195443061
[debug] [2025-03-28T20:01:11.110Z] Checked if tokens are valid: true, expires at: 1743195443061
[debug] [2025-03-28T20:01:11.110Z] >>> [apiv2][query] GET https://firebasedataconnect.googleapis.com/v1/projects/facturacionapp-b85c9/locations [none]
[debug] [2025-03-28T20:01:11.687Z] <<< [apiv2][status] GET https://firebasedataconnect.googleapis.com/v1/projects/facturacionapp-b85c9/locations 200
[debug] [2025-03-28T20:01:11.687Z] <<< [apiv2][body] GET https://firebasedataconnect.googleapis.com/v1/projects/facturacionapp-b85c9/locations {"locations":[{"name":"projects/facturacionapp-b85c9/locations/asia-east1","locationId":"asia-east1","displayName":"Taiwan"},{"name":"projects/facturacionapp-b85c9/locations/asia-east2","locationId":"asia-east2","displayName":"Hong Kong"},{"name":"projects/facturacionapp-b85c9/locations/asia-northeast1","locationId":"asia-northeast1","displayName":"Tokyo"},{"name":"projects/facturacionapp-b85c9/locations/asia-northeast2","locationId":"asia-northeast2","displayName":"Osaka"},{"name":"projects/facturacionapp-b85c9/locations/asia-northeast3","locationId":"asia-northeast3","displayName":"Seoul"},{"name":"projects/facturacionapp-b85c9/locations/asia-south1","locationId":"asia-south1","displayName":"Mumbai"},{"name":"projects/facturacionapp-b85c9/locations/asia-southeast1","locationId":"asia-southeast1","displayName":"Singapore"},{"name":"projects/facturacionapp-b85c9/locations/asia-southeast2","locationId":"asia-southeast2","displayName":"Jakarta"},{"name":"projects/facturacionapp-b85c9/locations/australia-southeast1","locationId":"australia-southeast1","displayName":"Sydney"},{"name":"projects/facturacionapp-b85c9/locations/australia-southeast2","locationId":"australia-southeast2","displayName":"Melbourne"},{"name":"projects/facturacionapp-b85c9/locations/europe-central2","locationId":"europe-central2","displayName":"Warsaw"},{"name":"projects/facturacionapp-b85c9/locations/europe-north1","locationId":"europe-north1","displayName":"Finland"},{"name":"projects/facturacionapp-b85c9/locations/europe-southwest1","locationId":"europe-southwest1","displayName":"Madrid"},{"name":"projects/facturacionapp-b85c9/locations/europe-west1","locationId":"europe-west1","displayName":"Belgium"},{"name":"projects/facturacionapp-b85c9/locations/europe-west2","locationId":"europe-west2","displayName":"London"},{"name":"projects/facturacionapp-b85c9/locations/europe-west3","locationId":"europe-west3","displayName":"Frankfurt"},{"name":"projects/facturacionapp-b85c9/locations/europe-west4","locationId":"europe-west4","displayName":"Netherlands"},{"name":"projects/facturacionapp-b85c9/locations/europe-west6","locationId":"europe-west6","displayName":"Zurich"},{"name":"projects/facturacionapp-b85c9/locations/europe-west8","locationId":"europe-west8","displayName":"Milan"},{"name":"projects/facturacionapp-b85c9/locations/europe-west9","locationId":"europe-west9","displayName":"Paris"},{"name":"projects/facturacionapp-b85c9/locations/me-west1","locationId":"me-west1","displayName":"Tel Aviv"},{"name":"projects/facturacionapp-b85c9/locations/northamerica-northeast1","locationId":"northamerica-northeast1","displayName":"Montréal"},{"name":"projects/facturacionapp-b85c9/locations/northamerica-northeast2","locationId":"northamerica-northeast2","displayName":"Toronto"},{"name":"projects/facturacionapp-b85c9/locations/southamerica-east1","locationId":"southamerica-east1","displayName":"São Paulo"},{"name":"projects/facturacionapp-b85c9/locations/southamerica-west1","locationId":"southamerica-west1","displayName":"Santiago"},{"name":"projects/facturacionapp-b85c9/locations/us-central1","locationId":"us-central1","displayName":"Iowa"},{"name":"projects/facturacionapp-b85c9/locations/us-east1","locationId":"us-east1","displayName":"South Carolina"},{"name":"projects/facturacionapp-b85c9/locations/us-east4","locationId":"us-east4","displayName":"Northern Virginia"},{"name":"projects/facturacionapp-b85c9/locations/us-south1","locationId":"us-south1","displayName":"Dallas"},{"name":"projects/facturacionapp-b85c9/locations/us-west1","locationId":"us-west1","displayName":"Oregon"},{"name":"projects/facturacionapp-b85c9/locations/us-west2","locationId":"us-west2","displayName":"Los Angeles"},{"name":"projects/facturacionapp-b85c9/locations/us-west3","locationId":"us-west3","displayName":"Salt Lake City"},{"name":"projects/facturacionapp-b85c9/locations/us-west4","locationId":"us-west4","displayName":"Las Vegas"}]}
[debug] [2025-03-28T20:01:18.198Z] Checked if tokens are valid: true, expires at: 1743195443061
[debug] [2025-03-28T20:01:18.198Z] Checked if tokens are valid: true, expires at: 1743195443061
[debug] [2025-03-28T20:01:18.198Z] >>> [apiv2][query] GET https://sqladmin.googleapis.com/v1/projects/facturacionapp-b85c9/instances/facturacion-app-2-fdc/databases [none]
[debug] [2025-03-28T20:01:18.739Z] <<< [apiv2][status] GET https://sqladmin.googleapis.com/v1/projects/facturacionapp-b85c9/instances/facturacion-app-2-fdc/databases 404
[debug] [2025-03-28T20:01:18.740Z] <<< [apiv2][body] GET https://sqladmin.googleapis.com/v1/projects/facturacionapp-b85c9/instances/facturacion-app-2-fdc/databases {"error":{"code":404,"message":"Not Found","errors":[{"message":"Not Found","domain":"global","reason":"notFound"}]}}
[debug] [2025-03-28T20:01:18.740Z] [dataconnect] Cannot list databases during init: FirebaseError: Request to https://sqladmin.googleapis.com/v1/projects/facturacionapp-b85c9/instances/facturacion-app-2-fdc/databases had HTTP Error: 404, Not Found
[info] +  Wrote dataconnect\dataconnect.yaml 
[info] i  dataconnect\schema\schema.gql is unchanged 
[info] i  dataconnect\connector\connector.yaml is unchanged 
[info] i  dataconnect\connector\queries.gql is unchanged 
[info] i  dataconnect\connector\mutations.gql is unchanged 
[debug] [2025-03-28T20:01:25.072Z] Checked if tokens are valid: true, expires at: 1743195443061
[debug] [2025-03-28T20:01:25.072Z] Checked if tokens are valid: true, expires at: 1743195443061
[debug] [2025-03-28T20:01:25.073Z] >>> [apiv2][query] GET https://sqladmin.googleapis.com/v1/projects/facturacionapp-b85c9/instances/facturacion-app-2-fdc [none]
[debug] [2025-03-28T20:01:25.630Z] <<< [apiv2][status] GET https://sqladmin.googleapis.com/v1/projects/facturacionapp-b85c9/instances/facturacion-app-2-fdc 404
[debug] [2025-03-28T20:01:25.631Z] <<< [apiv2][body] GET https://sqladmin.googleapis.com/v1/projects/facturacionapp-b85c9/instances/facturacion-app-2-fdc {"error":{"code":404,"message":"The Cloud SQL instance does not exist.","errors":[{"message":"The Cloud SQL instance does not exist.","domain":"global","reason":"instanceDoesNotExist"}]}}
[warn] !  dataconnect: The no-cost Cloud SQL trial instance does not support customer managed encryption keys.
If you'd like to use a CMEK to encrypt your data, first create a CMEK encrypted instance (https://cloud.google.com/sql/docs/postgres/configure-cmek#createcmekinstance).
Then, edit your `dataconnect.yaml` file to use the encrypted instance and redeploy. 
[info] i  dataconnect: CloudSQL instance 'facturacion-app-2-fdc' not found.Creating it now.
This instance is provided under the terms of the Data Connect no-cost trial https://firebase.google.com/pricing
Monitor the progress at https://console.cloud.google.com/sql/instances/facturacion-app-2-fdc/overview?project=facturacionapp-b85c9 
[debug] [2025-03-28T20:01:25.633Z] Checked if tokens are valid: true, expires at: 1743195443061
[debug] [2025-03-28T20:01:25.633Z] Checked if tokens are valid: true, expires at: 1743195443061
[debug] [2025-03-28T20:01:25.633Z] >>> [apiv2][query] POST https://sqladmin.googleapis.com/v1/projects/facturacionapp-b85c9/instances [none]
[debug] [2025-03-28T20:01:25.633Z] >>> [apiv2][body] POST https://sqladmin.googleapis.com/v1/projects/facturacionapp-b85c9/instances {"name":"facturacion-app-2-fdc","region":"southamerica-west1","databaseVersion":"POSTGRES_15","settings":{"tier":"db-f1-micro","edition":"ENTERPRISE","ipConfiguration":{"authorizedNetworks":[]},"enableGoogleMlIntegration":false,"databaseFlags":[{"name":"cloudsql.iam_authentication","value":"on"}],"storageAutoResize":false,"userLabels":{"firebase-data-connect":"ft"},"insightsConfig":{"queryInsightsEnabled":true,"queryPlansPerMinute":5,"queryStringLength":1024}}}
[debug] [2025-03-28T20:01:31.535Z] <<< [apiv2][status] POST https://sqladmin.googleapis.com/v1/projects/facturacionapp-b85c9/instances 200
[debug] [2025-03-28T20:01:31.535Z] <<< [apiv2][body] POST https://sqladmin.googleapis.com/v1/projects/facturacionapp-b85c9/instances {"kind":"sql#operation","targetLink":"https://sqladmin.googleapis.com/v1/projects/facturacionapp-b85c9/instances/facturacion-app-2-fdc","status":"PENDING","user":"sistemas.nuspec2024@gmail.com","insertTime":"2025-03-28T20:01:31.063Z","operationType":"CREATE","name":"85f72dda-1ef9-43eb-8168-add40000004b","targetId":"facturacion-app-2-fdc","selfLink":"https://sqladmin.googleapis.com/v1/projects/facturacionapp-b85c9/operations/85f72dda-1ef9-43eb-8168-add40000004b","targetProject":"facturacionapp-b85c9"}
[info] i  dataconnect: Cloud SQL instance creation started - it should be ready shortly. Database and users will be created on your next deploy. 
[info] +  Detected FLUTTER app in directory C:\Users\SERVICIO TECNICO\AndroidStudioProjects\facturacion_app_2 
[info] i  Writing your new SDK configuration to C:\Users\SERVICIO TECNICO\AndroidStudioProjects\facturacion_app_2\dataconnect\connector/connector.yaml 
[info] +  Wrote dataconnect\connector\connector.yaml 
[info] i  dataconnect: downloading dataconnect-emulator-2.0.0.exe... {"metadata":{"emulator":{"name":"dataconnect"},"message":"downloading dataconnect-emulator-2.0.0.exe..."}}
[debug] [2025-03-28T20:02:11.996Z] >>> [apiv2][query] GET https://storage.googleapis.com/firemat-preview-drop/emulator/dataconnect-emulator-windows-v2.0.0 
[debug] [2025-03-28T20:02:12.371Z] <<< [apiv2][status] GET https://storage.googleapis.com/firemat-preview-drop/emulator/dataconnect-emulator-windows-v2.0.0 200
[debug] [2025-03-28T20:02:12.371Z] <<< [apiv2][body] GET https://storage.googleapis.com/firemat-preview-drop/emulator/dataconnect-emulator-windows-v2.0.0 [stream]
[debug] [2025-03-28T20:02:14.902Z] defaultcredentials: writing to file C:\Users\SERVICIO TECNICO\AppData\Roaming\firebase\sistemas_nuspec2024_gmail.com_application_default_credentials.json
[debug] [2025-03-28T20:02:14.916Z] Setting GAC to C:\Users\SERVICIO TECNICO\AppData\Roaming\firebase\sistemas_nuspec2024_gmail.com_application_default_credentials.json {"metadata":{"emulator":{"name":"dataconnect"},"message":"Setting GAC to C:\\Users\\SERVICIO TECNICO\\AppData\\Roaming\\firebase\\sistemas_nuspec2024_gmail.com_application_default_credentials.json"}}
[info] I0328 15:02:15.076086   10216 codegen.go:82] [connector "default" dartSdk] Generating sources into "C:\\Users\\SERVICIO TECNICO\\AndroidStudioProjects\\facturacion_app_2\\dataconnect-generated\\dart\\default_connector"
I0328 15:02:15.151623   10216 dartgen.go:651] Started Dart code generation for connector default
I0328 15:02:15.152175   10216 generate.go:40] Generated all sources. Writing them to disk...
I0328 15:02:15.153720   10216 collector.go:107] connector "default" dartSdk wrote into "C:\\Users\\SERVICIO TECNICO\\AndroidStudioProjects\\facturacion_app_2\\dataconnect-generated\\dart\\default_connector"
Generated sources: default.dart [595B] README.md [837B] 

[info] i  Generated SDK code for default 
[info] +  If you'd like to add more generated SDKs to your app your later, run firebase init dataconnect:sdk again 
[info] 
=== Firestore Setup
[debug] [2025-03-28T20:02:15.160Z] Checked if tokens are valid: true, expires at: 1743195443061
[debug] [2025-03-28T20:02:15.160Z] Checked if tokens are valid: true, expires at: 1743195443061
[debug] [2025-03-28T20:02:15.160Z] >>> [apiv2][query] GET https://serviceusage.googleapis.com/v1/projects/facturacionapp-b85c9/services/firestore.googleapis.com [none]
[debug] [2025-03-28T20:02:15.160Z] >>> [apiv2][(partial)header] GET https://serviceusage.googleapis.com/v1/projects/facturacionapp-b85c9/services/firestore.googleapis.com x-goog-quota-user=projects/facturacionapp-b85c9
[debug] [2025-03-28T20:02:16.094Z] <<< [apiv2][status] GET https://serviceusage.googleapis.com/v1/projects/facturacionapp-b85c9/services/firestore.googleapis.com 200
[debug] [2025-03-28T20:02:16.095Z] <<< [apiv2][body] GET https://serviceusage.googleapis.com/v1/projects/facturacionapp-b85c9/services/firestore.googleapis.com [omitted]
[debug] [2025-03-28T20:02:16.095Z] Checked if tokens are valid: true, expires at: 1743195443061
[debug] [2025-03-28T20:02:16.095Z] Checked if tokens are valid: true, expires at: 1743195443061
[debug] [2025-03-28T20:02:16.095Z] >>> [apiv2][query] GET https://firestore.googleapis.com/v1/projects/facturacionapp-b85c9/databases/(default) [none]
[debug] [2025-03-28T20:02:16.805Z] <<< [apiv2][status] GET https://firestore.googleapis.com/v1/projects/facturacionapp-b85c9/databases/(default) 200
[debug] [2025-03-28T20:02:16.805Z] <<< [apiv2][body] GET https://firestore.googleapis.com/v1/projects/facturacionapp-b85c9/databases/(default) {"name":"projects/facturacionapp-b85c9/databases/(default)","uid":"75714fe0-c063-420d-8cb0-d4456e79c317","createTime":"2025-03-12T21:48:06.947415Z","updateTime":"2025-03-12T21:48:06.947415Z","locationId":"nam5","type":"FIRESTORE_NATIVE","concurrencyMode":"PESSIMISTIC","versionRetentionPeriod":"3600s","earliestVersionTime":"2025-03-28T19:02:16.426250Z","appEngineIntegrationMode":"DISABLED","keyPrefix":"s","pointInTimeRecoveryEnablement":"POINT_IN_TIME_RECOVERY_DISABLED","deleteProtectionState":"DELETE_PROTECTION_DISABLED","databaseEdition":"STANDARD","freeTier":true,"etag":"IOzBxODIrYwDMJOOp/6ChowD"}
[debug] [2025-03-28T20:02:16.805Z] database_type: FIRESTORE_NATIVE
[debug] [2025-03-28T20:02:16.805Z] database_type: FIRESTORE_NATIVE
[debug] [2025-03-28T20:02:16.805Z] > command requires scopes: ["email","openid","https://www.googleapis.com/auth/cloudplatformprojects.readonly","https://www.googleapis.com/auth/firebase","https://www.googleapis.com/auth/cloud-platform"]
[debug] [2025-03-28T20:02:16.805Z] > authorizing via signed-in user (sistemas.nuspec2024@gmail.com)
[debug] [2025-03-28T20:02:16.805Z] [iam] checking project facturacionapp-b85c9 for permissions ["firebase.projects.get"]
[debug] [2025-03-28T20:02:16.806Z] Checked if tokens are valid: true, expires at: 1743195443061
[debug] [2025-03-28T20:02:16.806Z] Checked if tokens are valid: true, expires at: 1743195443061
[debug] [2025-03-28T20:02:16.806Z] >>> [apiv2][query] POST https://cloudresourcemanager.googleapis.com/v1/projects/facturacionapp-b85c9:testIamPermissions [none]
[debug] [2025-03-28T20:02:16.806Z] >>> [apiv2][(partial)header] POST https://cloudresourcemanager.googleapis.com/v1/projects/facturacionapp-b85c9:testIamPermissions x-goog-quota-user=projects/facturacionapp-b85c9
[debug] [2025-03-28T20:02:16.806Z] >>> [apiv2][body] POST https://cloudresourcemanager.googleapis.com/v1/projects/facturacionapp-b85c9:testIamPermissions {"permissions":["firebase.projects.get"]}
[debug] [2025-03-28T20:02:17.356Z] <<< [apiv2][status] POST https://cloudresourcemanager.googleapis.com/v1/projects/facturacionapp-b85c9:testIamPermissions 200
[debug] [2025-03-28T20:02:17.357Z] <<< [apiv2][body] POST https://cloudresourcemanager.googleapis.com/v1/projects/facturacionapp-b85c9:testIamPermissions {"permissions":["firebase.projects.get"]}
[info] 
[info] Firestore Security Rules allow you to define how and when to allow
[info] requests. You can keep these rules in your project directory
[info] and publish them with firebase deploy.
[info] 
[debug] [2025-03-28T20:02:19.167Z] Checked if tokens are valid: true, expires at: 1743195443061
[debug] [2025-03-28T20:02:19.167Z] Checked if tokens are valid: true, expires at: 1743195443061
[debug] [2025-03-28T20:02:19.168Z] >>> [apiv2][query] GET https://firebaserules.googleapis.com/v1/projects/facturacionapp-b85c9/releases pageSize=10&pageToken=
[debug] [2025-03-28T20:02:19.538Z] <<< [apiv2][status] GET https://firebaserules.googleapis.com/v1/projects/facturacionapp-b85c9/releases 200
[debug] [2025-03-28T20:02:19.539Z] <<< [apiv2][body] GET https://firebaserules.googleapis.com/v1/projects/facturacionapp-b85c9/releases {"releases":[{"name":"projects/facturacionapp-b85c9/releases/cloud.firestore","rulesetName":"projects/facturacionapp-b85c9/rulesets/1332e330-c128-4d38-bd36-20a2a5331d08","createTime":"2025-03-12T21:48:09.550142Z","updateTime":"2025-03-15T07:48:58.674987Z"},{"name":"projects/facturacionapp-b85c9/releases/firebase.storage/facturacionapp-b85c9.firebasestorage.app","rulesetName":"projects/facturacionapp-b85c9/rulesets/dc6e46d2-ffdf-4a88-8c1b-6efbc5d7d13c","createTime":"2025-03-07T22:49:30.294155Z","updateTime":"2025-03-07T22:49:30.294155Z"}]}
[debug] [2025-03-28T20:02:19.560Z] Found ruleset: projects/facturacionapp-b85c9/rulesets/1332e330-c128-4d38-bd36-20a2a5331d08
[debug] [2025-03-28T20:02:19.560Z] Checked if tokens are valid: true, expires at: 1743195443061
[debug] [2025-03-28T20:02:19.560Z] Checked if tokens are valid: true, expires at: 1743195443061
[debug] [2025-03-28T20:02:19.561Z] >>> [apiv2][query] GET https://firebaserules.googleapis.com/v1/projects/facturacionapp-b85c9/rulesets/1332e330-c128-4d38-bd36-20a2a5331d08 [none]
[debug] [2025-03-28T20:02:19.744Z] <<< [apiv2][status] GET https://firebaserules.googleapis.com/v1/projects/facturacionapp-b85c9/rulesets/1332e330-c128-4d38-bd36-20a2a5331d08 200
[debug] [2025-03-28T20:02:19.745Z] <<< [apiv2][body] GET https://firebaserules.googleapis.com/v1/projects/facturacionapp-b85c9/rulesets/1332e330-c128-4d38-bd36-20a2a5331d08 [omitted]
[info] 
[info] Firestore indexes allow you to perform complex queries while
[info] maintaining performance that scales with the size of the result
[info] set. You can keep index definitions in your project directory
[info] and publish them with firebase deploy.
[info] 
[debug] [2025-03-28T20:02:20.838Z] Checked if tokens are valid: true, expires at: 1743195443061
[debug] [2025-03-28T20:02:20.838Z] Checked if tokens are valid: true, expires at: 1743195443061
[debug] [2025-03-28T20:02:20.838Z] Checked if tokens are valid: true, expires at: 1743195443061
[debug] [2025-03-28T20:02:20.838Z] Checked if tokens are valid: true, expires at: 1743195443061
[debug] [2025-03-28T20:02:20.838Z] >>> [apiv2][query] GET https://firestore.googleapis.com/v1/projects/facturacionapp-b85c9/databases/(default)/collectionGroups/-/indexes [none]
[debug] [2025-03-28T20:02:20.839Z] >>> [apiv2][query] GET https://firestore.googleapis.com/v1/projects/facturacionapp-b85c9/databases/(default)/collectionGroups/-/fields?filter=indexConfig.usesAncestorConfig=false OR ttlConfig:* [none]
[debug] [2025-03-28T20:02:21.006Z] <<< [apiv2][status] GET https://firestore.googleapis.com/v1/projects/facturacionapp-b85c9/databases/(default)/collectionGroups/-/indexes 200
[debug] [2025-03-28T20:02:21.006Z] <<< [apiv2][body] GET https://firestore.googleapis.com/v1/projects/facturacionapp-b85c9/databases/(default)/collectionGroups/-/indexes {}
[debug] [2025-03-28T20:02:21.448Z] <<< [apiv2][status] GET https://firestore.googleapis.com/v1/projects/facturacionapp-b85c9/databases/(default)/collectionGroups/-/fields?filter=indexConfig.usesAncestorConfig=false OR ttlConfig:* 200
[debug] [2025-03-28T20:02:21.448Z] <<< [apiv2][body] GET https://firestore.googleapis.com/v1/projects/facturacionapp-b85c9/databases/(default)/collectionGroups/-/fields?filter=indexConfig.usesAncestorConfig=false OR ttlConfig:* {"fields":[{"name":"projects/facturacionapp-b85c9/databases/(default)/collectionGroups/__default__/fields/*","indexConfig":{"indexes":[{"queryScope":"COLLECTION","fields":[{"fieldPath":"*","order":"ASCENDING"}],"state":"READY"},{"queryScope":"COLLECTION","fields":[{"fieldPath":"*","order":"DESCENDING"}],"state":"READY"},{"queryScope":"COLLECTION","fields":[{"fieldPath":"*","arrayConfig":"CONTAINS"}],"state":"READY"}]}}]}
[info] 
=== Genkit Setup
[debug] [2025-03-28T20:02:24.726Z] > command requires scopes: ["email","openid","https://www.googleapis.com/auth/cloudplatformprojects.readonly","https://www.googleapis.com/auth/firebase","https://www.googleapis.com/auth/cloud-platform"]
[debug] [2025-03-28T20:02:24.726Z] > authorizing via signed-in user (sistemas.nuspec2024@gmail.com)
[debug] [2025-03-28T20:02:24.726Z] [iam] checking project facturacionapp-b85c9 for permissions ["firebase.projects.get"]
[debug] [2025-03-28T20:02:24.726Z] Checked if tokens are valid: true, expires at: 1743195443061
[debug] [2025-03-28T20:02:24.726Z] Checked if tokens are valid: true, expires at: 1743195443061
[debug] [2025-03-28T20:02:24.726Z] >>> [apiv2][query] POST https://cloudresourcemanager.googleapis.com/v1/projects/facturacionapp-b85c9:testIamPermissions [none]
[debug] [2025-03-28T20:02:24.726Z] >>> [apiv2][(partial)header] POST https://cloudresourcemanager.googleapis.com/v1/projects/facturacionapp-b85c9:testIamPermissions x-goog-quota-user=projects/facturacionapp-b85c9
[debug] [2025-03-28T20:02:24.726Z] >>> [apiv2][body] POST https://cloudresourcemanager.googleapis.com/v1/projects/facturacionapp-b85c9:testIamPermissions {"permissions":["firebase.projects.get"]}
[debug] [2025-03-28T20:02:25.194Z] <<< [apiv2][status] POST https://cloudresourcemanager.googleapis.com/v1/projects/facturacionapp-b85c9:testIamPermissions 200
[debug] [2025-03-28T20:02:25.194Z] <<< [apiv2][body] POST https://cloudresourcemanager.googleapis.com/v1/projects/facturacionapp-b85c9:testIamPermissions {"permissions":["firebase.projects.get"]}
[debug] [2025-03-28T20:02:25.194Z] Checked if tokens are valid: true, expires at: 1743195443061
[debug] [2025-03-28T20:02:25.194Z] Checked if tokens are valid: true, expires at: 1743195443061
[debug] [2025-03-28T20:02:25.194Z] Checked if tokens are valid: true, expires at: 1743195443061
[debug] [2025-03-28T20:02:25.194Z] Checked if tokens are valid: true, expires at: 1743195443061
[debug] [2025-03-28T20:02:25.194Z] >>> [apiv2][query] GET https://serviceusage.googleapis.com/v1/projects/facturacionapp-b85c9/services/cloudfunctions.googleapis.com [none]
[debug] [2025-03-28T20:02:25.194Z] >>> [apiv2][(partial)header] GET https://serviceusage.googleapis.com/v1/projects/facturacionapp-b85c9/services/cloudfunctions.googleapis.com x-goog-quota-user=projects/facturacionapp-b85c9
[debug] [2025-03-28T20:02:25.196Z] >>> [apiv2][query] GET https://serviceusage.googleapis.com/v1/projects/facturacionapp-b85c9/services/runtimeconfig.googleapis.com [none]
[debug] [2025-03-28T20:02:25.196Z] >>> [apiv2][(partial)header] GET https://serviceusage.googleapis.com/v1/projects/facturacionapp-b85c9/services/runtimeconfig.googleapis.com x-goog-quota-user=projects/facturacionapp-b85c9
[debug] [2025-03-28T20:02:25.887Z] <<< [apiv2][status] GET https://serviceusage.googleapis.com/v1/projects/facturacionapp-b85c9/services/cloudfunctions.googleapis.com 200
[debug] [2025-03-28T20:02:25.888Z] <<< [apiv2][body] GET https://serviceusage.googleapis.com/v1/projects/facturacionapp-b85c9/services/cloudfunctions.googleapis.com [omitted]
[debug] [2025-03-28T20:02:25.888Z] Checked if tokens are valid: true, expires at: 1743195443061
[debug] [2025-03-28T20:02:25.888Z] Checked if tokens are valid: true, expires at: 1743195443061
[debug] [2025-03-28T20:02:25.888Z] >>> [apiv2][query] POST https://serviceusage.googleapis.com/v1/projects/facturacionapp-b85c9/services/cloudfunctions.googleapis.com:enable [none]
[debug] [2025-03-28T20:02:25.888Z] >>> [apiv2][(partial)header] POST https://serviceusage.googleapis.com/v1/projects/facturacionapp-b85c9/services/cloudfunctions.googleapis.com:enable x-goog-quota-user=projects/facturacionapp-b85c9
[debug] [2025-03-28T20:02:25.894Z] <<< [apiv2][status] GET https://serviceusage.googleapis.com/v1/projects/facturacionapp-b85c9/services/runtimeconfig.googleapis.com 200
[debug] [2025-03-28T20:02:25.894Z] <<< [apiv2][body] GET https://serviceusage.googleapis.com/v1/projects/facturacionapp-b85c9/services/runtimeconfig.googleapis.com [omitted]
[debug] [2025-03-28T20:02:27.118Z] <<< [apiv2][status] POST https://serviceusage.googleapis.com/v1/projects/facturacionapp-b85c9/services/cloudfunctions.googleapis.com:enable 200
[debug] [2025-03-28T20:02:27.119Z] <<< [apiv2][body] POST https://serviceusage.googleapis.com/v1/projects/facturacionapp-b85c9/services/cloudfunctions.googleapis.com:enable [omitted]
[debug] [2025-03-28T20:02:37.121Z] Checked if tokens are valid: true, expires at: 1743195443061
[debug] [2025-03-28T20:02:37.121Z] Checked if tokens are valid: true, expires at: 1743195443061
[debug] [2025-03-28T20:02:37.121Z] >>> [apiv2][query] GET https://serviceusage.googleapis.com/v1/projects/facturacionapp-b85c9/services/cloudfunctions.googleapis.com [none]
[debug] [2025-03-28T20:02:37.121Z] >>> [apiv2][(partial)header] GET https://serviceusage.googleapis.com/v1/projects/facturacionapp-b85c9/services/cloudfunctions.googleapis.com x-goog-quota-user=projects/facturacionapp-b85c9
[debug] [2025-03-28T20:02:37.810Z] <<< [apiv2][status] GET https://serviceusage.googleapis.com/v1/projects/facturacionapp-b85c9/services/cloudfunctions.googleapis.com 200
[debug] [2025-03-28T20:02:37.810Z] <<< [apiv2][body] GET https://serviceusage.googleapis.com/v1/projects/facturacionapp-b85c9/services/cloudfunctions.googleapis.com [omitted]
[info] Let's create a new codebase for your functions.
[info] A directory corresponding to the codebase will be created in your project
[info] with sample code pre-configured.

[info] See https://firebase.google.com/docs/functions/organize-functions for
[info] more information on organizing your functions using codebases.

[info] Functions can be deployed with firebase deploy.

[info] +  Wrote functions/package.json 
[info] +  Wrote functions/.eslintrc.js 
[info] +  Wrote functions/tsconfig.json 
[info] +  Wrote functions/tsconfig.dev.json 
[info] +  Wrote functions/src/index.ts 
[info] +  Wrote functions/.gitignore 
[info] 
[info] i  genkit: Installing Genkit CLI version 1.4.0
 
[info] i  genkit: Installing NPM packages for genkit 
[info] +  genkit: Successfully installed NPM packages 
[info] i  genkit: Updating tsconfig.json 
[info] +  genkit: Successfully updated tsconfig.json 
[info] i  genkit: Updating package.json 
[info] +  genkit: Successfully updated package.json 
[info] i  genkit: Generating sample file 
[info] +  genkit: Successfully generated sample file (src/genkit-sample.ts) 
[info] 
Login to Google Cloud using:
[info]     gcloud auth application-default login --project facturacionapp-b85c9

[info] Then start the Genkit developer experience by running:
[info]     cd functions && npm run genkit:start
[info] 
=== Functions Setup
[debug] [2025-03-28T20:04:47.031Z] > command requires scopes: ["email","openid","https://www.googleapis.com/auth/cloudplatformprojects.readonly","https://www.googleapis.com/auth/firebase","https://www.googleapis.com/auth/cloud-platform"]
[debug] [2025-03-28T20:04:47.031Z] > authorizing via signed-in user (sistemas.nuspec2024@gmail.com)
[debug] [2025-03-28T20:04:47.031Z] [iam] checking project facturacionapp-b85c9 for permissions ["firebase.projects.get"]
[debug] [2025-03-28T20:04:47.031Z] Checked if tokens are valid: true, expires at: 1743195443061
[debug] [2025-03-28T20:04:47.031Z] Checked if tokens are valid: true, expires at: 1743195443061
[debug] [2025-03-28T20:04:47.031Z] >>> [apiv2][query] POST https://cloudresourcemanager.googleapis.com/v1/projects/facturacionapp-b85c9:testIamPermissions [none]
[debug] [2025-03-28T20:04:47.031Z] >>> [apiv2][(partial)header] POST https://cloudresourcemanager.googleapis.com/v1/projects/facturacionapp-b85c9:testIamPermissions x-goog-quota-user=projects/facturacionapp-b85c9
[debug] [2025-03-28T20:04:47.031Z] >>> [apiv2][body] POST https://cloudresourcemanager.googleapis.com/v1/projects/facturacionapp-b85c9:testIamPermissions {"permissions":["firebase.projects.get"]}
[debug] [2025-03-28T20:04:47.491Z] <<< [apiv2][status] POST https://cloudresourcemanager.googleapis.com/v1/projects/facturacionapp-b85c9:testIamPermissions 200
[debug] [2025-03-28T20:04:47.492Z] <<< [apiv2][body] POST https://cloudresourcemanager.googleapis.com/v1/projects/facturacionapp-b85c9:testIamPermissions {"permissions":["firebase.projects.get"]}
[debug] [2025-03-28T20:04:47.492Z] Checked if tokens are valid: true, expires at: 1743195443061
[debug] [2025-03-28T20:04:47.492Z] Checked if tokens are valid: true, expires at: 1743195443061
[debug] [2025-03-28T20:04:47.492Z] Checked if tokens are valid: true, expires at: 1743195443061
[debug] [2025-03-28T20:04:47.492Z] Checked if tokens are valid: true, expires at: 1743195443061
[debug] [2025-03-28T20:04:47.492Z] >>> [apiv2][query] GET https://serviceusage.googleapis.com/v1/projects/facturacionapp-b85c9/services/cloudfunctions.googleapis.com [none]
[debug] [2025-03-28T20:04:47.492Z] >>> [apiv2][(partial)header] GET https://serviceusage.googleapis.com/v1/projects/facturacionapp-b85c9/services/cloudfunctions.googleapis.com x-goog-quota-user=projects/facturacionapp-b85c9
[debug] [2025-03-28T20:04:47.494Z] >>> [apiv2][query] GET https://serviceusage.googleapis.com/v1/projects/facturacionapp-b85c9/services/runtimeconfig.googleapis.com [none]
[debug] [2025-03-28T20:04:47.494Z] >>> [apiv2][(partial)header] GET https://serviceusage.googleapis.com/v1/projects/facturacionapp-b85c9/services/runtimeconfig.googleapis.com x-goog-quota-user=projects/facturacionapp-b85c9
[debug] [2025-03-28T20:04:48.268Z] <<< [apiv2][status] GET https://serviceusage.googleapis.com/v1/projects/facturacionapp-b85c9/services/cloudfunctions.googleapis.com 200
[debug] [2025-03-28T20:04:48.268Z] <<< [apiv2][body] GET https://serviceusage.googleapis.com/v1/projects/facturacionapp-b85c9/services/cloudfunctions.googleapis.com [omitted]
[debug] [2025-03-28T20:04:48.268Z] <<< [apiv2][status] GET https://serviceusage.googleapis.com/v1/projects/facturacionapp-b85c9/services/runtimeconfig.googleapis.com 200
[debug] [2025-03-28T20:04:48.268Z] <<< [apiv2][body] GET https://serviceusage.googleapis.com/v1/projects/facturacionapp-b85c9/services/runtimeconfig.googleapis.com [omitted]
[info] 
Detected existing codebase(s): default

[info] Let's create a new codebase for your functions.
[info] A directory corresponding to the codebase will be created in your project
[info] with sample code pre-configured.

[info] See https://firebase.google.com/docs/functions/organize-functions for
[info] more information on organizing your functions using codebases.

[info] Functions can be deployed with firebase deploy.

[error] Invalid codebase name. Codebase must be less than 64 characters and can contain only lowercase letters, numeric characters, underscores, and dashes.
[info] +  Wrote facturacion-app-2-fdc/package.json 
[info] +  Wrote facturacion-app-2-fdc/.eslintrc.js 
[info] +  Wrote facturacion-app-2-fdc/index.js 
[info] +  Wrote facturacion-app-2-fdc/.gitignore 
[info] 
=== Apphosting Setup
[debug] [2025-03-28T20:05:45.106Z] Checked if tokens are valid: true, expires at: 1743195443061
[debug] [2025-03-28T20:05:45.106Z] Checked if tokens are valid: true, expires at: 1743195443061
[debug] [2025-03-28T20:05:45.106Z] >>> [apiv2][query] GET https://cloudbilling.googleapis.com/v1/projects/facturacionapp-b85c9/billingInfo [none]
[debug] [2025-03-28T20:05:45.456Z] <<< [apiv2][status] GET https://cloudbilling.googleapis.com/v1/projects/facturacionapp-b85c9/billingInfo 200
[debug] [2025-03-28T20:05:45.456Z] <<< [apiv2][body] GET https://cloudbilling.googleapis.com/v1/projects/facturacionapp-b85c9/billingInfo {"name":"projects/facturacionapp-b85c9/billingInfo","projectId":"facturacionapp-b85c9","billingAccountName":"billingAccounts/011B04-74E840-D6BE6D","billingEnabled":true}
[info] i  Writing default settings to apphosting.yaml... 
[info] +  Wrote apphosting.yaml 
[info] +  Create a new App Hosting backend with `firebase apphosting:backends:create` 
[info] 
=== Hosting Setup
[debug] [2025-03-28T20:05:45.458Z] Checked if tokens are valid: true, expires at: 1743195443061
[debug] [2025-03-28T20:05:45.458Z] Checked if tokens are valid: true, expires at: 1743195443061
[debug] [2025-03-28T20:05:45.458Z] >>> [apiv2][query] GET https://firebase.googleapis.com/v1beta1/projects/facturacionapp-b85c9 [none]
[debug] [2025-03-28T20:05:45.895Z] <<< [apiv2][status] GET https://firebase.googleapis.com/v1beta1/projects/facturacionapp-b85c9 200
[debug] [2025-03-28T20:05:45.896Z] <<< [apiv2][body] GET https://firebase.googleapis.com/v1beta1/projects/facturacionapp-b85c9 {"projectId":"facturacionapp-b85c9","projectNumber":"1076885236991","displayName":"FacturacionApp","name":"projects/facturacionapp-b85c9","resources":{"hostingSite":"facturacionapp-b85c9"},"state":"ACTIVE","etag":"1_88b49c79-77fd-4b4b-97ca-5f03e52bb835"}
[info] 
[info] Your public directory is the folder (relative to your project directory) that
[info] will contain Hosting assets to be uploaded with firebase deploy. If you
[info] have a build process for your assets, use your build's output directory.
[info] 
[debug] [2025-03-28T20:06:39.092Z] >>> [apiv2][query] GET https://www.gstatic.com/firebasejs/releases.json [none]
[debug] [2025-03-28T20:06:39.223Z] <<< [apiv2][status] GET https://www.gstatic.com/firebasejs/releases.json 200
[debug] [2025-03-28T20:06:39.223Z] <<< [apiv2][body] GET https://www.gstatic.com/firebasejs/releases.json {"current":{"version":"11.5.0","browserURL":"https://www.gstatic.com/firebasejs/11.5.0/firebase.js","packageURL":"https://www.gstatic.com/firebasejs/11.5.0/firebase.tgz"},"live":{"version":"11.5","browserURL":"https://www.gstatic.com/firebasejs/live/11.5/firebase.js","packageURL":"https://www.gstatic.com/firebasejs/live/11.5/firebase.tgz"},"components":{"analytics":"https://www.gstatic.com/firebasejs/11.5.0/firebase-analytics.js","app":"https://www.gstatic.com/firebasejs/11.5.0/firebase-app.js","app-check":"https://www.gstatic.com/firebasejs/11.5.0/firebase-app-check.js","auth":"https://www.gstatic.com/firebasejs/11.5.0/firebase-auth.js","auth/cordova":"https://www.gstatic.com/firebasejs/11.5.0/firebase-auth/cordova.js","auth/web-extension":"https://www.gstatic.com/firebasejs/11.5.0/firebase-auth/web-extension.js","functions":"https://www.gstatic.com/firebasejs/11.5.0/firebase-functions.js","firestore":"https://www.gstatic.com/firebasejs/11.5.0/firebase-firestore.js","firestore/lite":"https://www.gstatic.com/firebasejs/11.5.0/firebase-firestore/lite.js","installations":"https://www.gstatic.com/firebasejs/11.5.0/firebase-installations.js","storage":"https://www.gstatic.com/firebasejs/11.5.0/firebase-storage.js","performance":"https://www.gstatic.com/firebasejs/11.5.0/firebase-performance.js","remote-config":"https://www.gstatic.com/firebasejs/11.5.0/firebase-remote-config.js","messaging":"https://www.gstatic.com/firebasejs/11.5.0/firebase-messaging.js","messaging/sw":"https://www.gstatic.com/firebasejs/11.5.0/firebase-messaging/sw.js","database":"https://www.gstatic.com/firebasejs/11.5.0/firebase-database.js","vertexai":"https://www.gstatic.com/firebasejs/11.5.0/firebase-vertexai.js","data-connect":"https://www.gstatic.com/firebasejs/11.5.0/firebase-data-connect.js","firestore.memory":"https://www.gstatic.com/firebasejs/11.5.0/firebase-firestore.memory.js"}}
[info] +  Wrote public/index.html 
[info] 
[info] i  Detected a .git folder at C:\Users\SERVICIO TECNICO\AndroidStudioProjects\facturacion_app_2 
[info] i  Authorizing with GitHub to upload your service account to a GitHub repository's secrets store. 
[info] 
[info] Visit this URL on this device to log in:
[info] https://github.com/login/oauth/authorize?client_id=89cf50f02ac6aaed3484&state=111412101&redirect_uri=http%3A%2F%2Flocalhost%3A9005&scope=read%3Auser%20repo%20public_repo
[info] 
[info] Waiting for authentication...
[debug] [2025-03-28T20:06:40.121Z] >>> [apiv2][query] POST https://github.com/login/oauth/access_token [none]
[debug] [2025-03-28T20:06:40.121Z] >>> [apiv2][body] POST https://github.com/login/oauth/access_token [stream]
[debug] [2025-03-28T20:06:40.527Z] <<< [apiv2][status] POST https://github.com/login/oauth/access_token 200
[debug] [2025-03-28T20:06:40.527Z] <<< [apiv2][body] POST https://github.com/login/oauth/access_token {"access_token":"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","token_type":"bearer","scope":"read:user,repo"}
[debug] [2025-03-28T20:06:40.533Z] >>> [apiv2][query] GET https://api.github.com/user [none]
[debug] [2025-03-28T20:06:40.927Z] <<< [apiv2][status] GET https://api.github.com/user 200
[debug] [2025-03-28T20:06:40.928Z] <<< [apiv2][body] GET https://api.github.com/user {"login":"DanielNova26","id":109361545,"node_id":"U_kgDOBoS5iQ","avatar_url":"https://avatars.githubusercontent.com/u/109361545?v=4","gravatar_id":"","url":"https://api.github.com/users/DanielNova26","html_url":"https://github.com/DanielNova26","followers_url":"https://api.github.com/users/DanielNova26/followers","following_url":"https://api.github.com/users/DanielNova26/following{/other_user}","gists_url":"https://api.github.com/users/DanielNova26/gists{/gist_id}","starred_url":"https://api.github.com/users/DanielNova26/starred{/owner}{/repo}","subscriptions_url":"https://api.github.com/users/DanielNova26/subscriptions","organizations_url":"https://api.github.com/users/DanielNova26/orgs","repos_url":"https://api.github.com/users/DanielNova26/repos","events_url":"https://api.github.com/users/DanielNova26/events{/privacy}","received_events_url":"https://api.github.com/users/DanielNova26/received_events","type":"User","user_view_type":"private","site_admin":false,"name":null,"company":null,"blog":"","location":null,"email":null,"hireable":null,"bio":null,"twitter_username":null,"notification_email":null,"public_repos":2,"public_gists":0,"followers":0,"following":0,"created_at":"2022-07-15T14:25:45Z","updated_at":"2025-03-10T22:16:58Z","private_gists":0,"total_private_repos":0,"owned_private_repos":0,"disk_usage":21789,"collaborators":0,"two_factor_authentication":true,"plan":{"name":"free","space":976562499,"collaborators":0,"private_repos":10000}}
[info] 
[info] +  Success! Logged into GitHub as DanielNova26 
[info] 
